<?xml version="1.0" encoding="UTF-8"?>
<testsuite name="statecensusanalyserproblem.StateCensusAnalyserTest" tests="1" skipped="0" failures="0" errors="0" timestamp="2019-12-02T10:24:51" hostname="admin265-H110M-H" time="0.114">
  <properties/>
  <testcase name="givenMethod_CheckNumberOfRecodesMatchesOrNot_ForStatesCensus_ShouldReturnTrue" classname="statecensusanalyserproblem.StateCensusAnalyserTest" time="0.114"/>
  <system-out><![CDATA[]]></system-out>
  <system-err><![CDATA[]]></system-err>
</testsuite>
